1 10 20
100 200 125
201 210 89
900 1000 174
1 999999 525
200 200 27
5000 2 238
1 1 1
113383 113383 248
74821 343937 443
869602 6485 525
763390 269463 509
816914 37995 509
531108 756591 509
17 827067 509
93437 644165 509
900384 122359 525
64017 495923 449
944741 928348 507
694938 99548 509
382869 37588 443
378674 952029 525
6936 38082 324
538790 581462 452
664421 516019 509
288779 967959 525
355161 656322 509
41490 3222 324
856346 964797 507
403417 395664 387
11556 977588 525
2076 643978 509
426472 142591 449
949944 641077 525
932877 255875 525
986040 4127 525
189590 622049 470
2178 166660 383
788676 970777 525
515923 5218 470
249174 539416 470
880120 498539 525
67554 68865 312
954478 564385 525
864618 103805 525
8498 25440 282
939162 363145 525
369215 238968 441
790921 3022 509
82744 212758 383
897104 678955 525
932413 800400 525
338186 50154 443
788979 542819 509
5628 770866 509
195257 308931 443
85479 784032 509
392742 708072 509
474317 105528 449
507247 74280 449
704199 739158 504
906509 8542 525
119288 873207 525
874795 745258 525
417986 277614 449
9485 963023 525
495169 374584 449
209733 689459 509
464895 66392 449
64098 953221 525
551992 36009 470
134865 626804 509
75341 597700 470
629389 60620 509
499033 969121 525
306695 226562 443
381212 949859 525
19902 28477 308
717719 507136 509
3849 542203 470
192788 570275 470
952007 261658 525
321954 8689 443
104763 333094 443
400378 682250 509
43275 86861 351
82104 105946 341
345076 762171 509
768539 85899 509
2629 777206 509
544607 26321 470
23594 163714 383
132595 9185 354
90119 447825 449
871913 294024 525
860449 97537 525
967049 798824 525
55207 918710 525
880287 242982 525
695732 525086 509
630966 38361 509
